

Started GET "/assets/rails.png" for 127.0.0.1 at 2012-10-19 20:24:26 -0400
Connecting to database specified by database.yml
Served asset /rails.png - 200 OK (7ms)
Connecting to database specified by database.yml
Connecting to database specified by database.yml
  [1m[36m (0.2ms)[0m  [1mselect sqlite_version(*)[0m
  [1m[35m (1.2ms)[0m  CREATE TABLE "schema_migrations" ("version" varchar(255) NOT NULL) 
  [1m[36m (0.0ms)[0m  [1mPRAGMA index_list("schema_migrations")[0m
  [1m[35m (0.9ms)[0m  CREATE UNIQUE INDEX "unique_schema_migrations" ON "schema_migrations" ("version")
  [1m[36m (0.1ms)[0m  [1mSELECT "schema_migrations"."version" FROM "schema_migrations" [0m
Migrating to CreateStatuses (20121020002609)
  [1m[35m (0.0ms)[0m  begin transaction
  [1m[36m (0.5ms)[0m  [1mCREATE TABLE "statuses" ("id" INTEGER PRIMARY KEY AUTOINCREMENT NOT NULL, "name" varchar(255), "content" text, "created_at" datetime NOT NULL, "updated_at" datetime NOT NULL) [0m
  [1m[35m (0.1ms)[0m  INSERT INTO "schema_migrations" ("version") VALUES ('20121020002609')
  [1m[36m (1.0ms)[0m  [1mcommit transaction[0m
  [1m[35m (0.3ms)[0m  select sqlite_version(*)
  [1m[36m (0.1ms)[0m  [1mSELECT "schema_migrations"."version" FROM "schema_migrations" [0m
  [1m[35m (0.0ms)[0m  PRAGMA index_list("statuses")


Started GET "/assets/rails.png" for 127.0.0.1 at 2012-10-19 20:27:00 -0400
Connecting to database specified by database.yml
Served asset /rails.png - 304 Not Modified (3ms)


Started GET "/statuses" for 127.0.0.1 at 2012-10-19 20:27:10 -0400
Processing by StatusesController#index as HTML
  [1m[36mStatus Load (0.1ms)[0m  [1mSELECT "statuses".* FROM "statuses" [0m
  Rendered statuses/index.html.erb within layouts/application (3.1ms)
Compiled scaffolds.css  (20ms)  (pid 6771)
Compiled statuses.css  (1ms)  (pid 6771)
Compiled application.css  (38ms)  (pid 6771)
Compiled jquery.js  (4ms)  (pid 6771)
Compiled jquery_ujs.js  (0ms)  (pid 6771)
Compiled statuses.js  (242ms)  (pid 6771)
Compiled application.js  (310ms)  (pid 6771)
Completed 200 OK in 519ms (Views: 490.8ms | ActiveRecord: 2.1ms)


Started GET "/assets/application.css?body=1" for 127.0.0.1 at 2012-10-19 20:27:10 -0400
Served asset /application.css - 200 OK (8ms)


Started GET "/assets/scaffolds.css?body=1" for 127.0.0.1 at 2012-10-19 20:27:10 -0400
Served asset /scaffolds.css - 200 OK (5ms)


Started GET "/assets/statuses.css?body=1" for 127.0.0.1 at 2012-10-19 20:27:10 -0400
Served asset /statuses.css - 200 OK (2ms)


Started GET "/assets/application.js?body=1" for 127.0.0.1 at 2012-10-19 20:27:10 -0400
Served asset /application.js - 200 OK (5ms)


Started GET "/assets/jquery.js?body=1" for 127.0.0.1 at 2012-10-19 20:27:10 -0400
Served asset /jquery.js - 200 OK (3ms)


Started GET "/assets/statuses.js?body=1" for 127.0.0.1 at 2012-10-19 20:27:10 -0400
Served asset /statuses.js - 200 OK (2ms)


Started GET "/assets/jquery_ujs.js?body=1" for 127.0.0.1 at 2012-10-19 20:27:10 -0400
Served asset /jquery_ujs.js - 200 OK (3ms)


Started GET "/statuses/new" for 127.0.0.1 at 2012-10-19 20:27:16 -0400
Processing by StatusesController#new as HTML
  Rendered statuses/_form.html.erb (33.3ms)
  Rendered statuses/new.html.erb within layouts/application (40.5ms)
Completed 200 OK in 53ms (Views: 46.2ms | ActiveRecord: 0.0ms)


Started GET "/assets/scaffolds.css?body=1" for 127.0.0.1 at 2012-10-19 20:27:16 -0400
Served asset /scaffolds.css - 304 Not Modified (0ms)


Started GET "/assets/statuses.js?body=1" for 127.0.0.1 at 2012-10-19 20:27:16 -0400
Served asset /statuses.js - 304 Not Modified (0ms)


Started GET "/assets/statuses.css?body=1" for 127.0.0.1 at 2012-10-19 20:27:16 -0400
Served asset /statuses.css - 304 Not Modified (0ms)


Started POST "/statuses" for 127.0.0.1 at 2012-10-19 20:28:16 -0400
Processing by StatusesController#create as HTML
  Parameters: {"utf8"=>"✓", "authenticity_token"=>"8BHy/Dhhlfr3HXPfCYl/86AhwV8rToCa84qi8KaXTyw=", "status"=>{"name"=>"Jason", "content"=>"I'm on Treebook!"}, "commit"=>"Create Status"}
  [1m[35m (0.1ms)[0m  begin transaction
  [1m[36mSQL (7.6ms)[0m  [1mINSERT INTO "statuses" ("content", "created_at", "name", "updated_at") VALUES (?, ?, ?, ?)[0m  [["content", "I'm on Treebook!"], ["created_at", Sat, 20 Oct 2012 00:28:16 UTC +00:00], ["name", "Jason"], ["updated_at", Sat, 20 Oct 2012 00:28:16 UTC +00:00]]
  [1m[35m (1.1ms)[0m  commit transaction
Redirected to http://0.0.0.0:3000/statuses/1
Completed 302 Found in 13ms (ActiveRecord: 8.8ms)


Started GET "/statuses/1" for 127.0.0.1 at 2012-10-19 20:28:16 -0400
Processing by StatusesController#show as HTML
  Parameters: {"id"=>"1"}
  [1m[36mStatus Load (0.3ms)[0m  [1mSELECT "statuses".* FROM "statuses" WHERE "statuses"."id" = ? LIMIT 1[0m  [["id", "1"]]
  Rendered statuses/show.html.erb within layouts/application (1.4ms)
Completed 200 OK in 8ms (Views: 6.0ms | ActiveRecord: 0.3ms)


Started GET "/assets/application.css?body=1" for 127.0.0.1 at 2012-10-19 20:28:16 -0400
Served asset /application.css - 304 Not Modified (0ms)


Started GET "/assets/scaffolds.css?body=1" for 127.0.0.1 at 2012-10-19 20:28:16 -0400
Served asset /scaffolds.css - 304 Not Modified (0ms)


Started GET "/assets/statuses.js?body=1" for 127.0.0.1 at 2012-10-19 20:28:16 -0400
Served asset /statuses.js - 304 Not Modified (0ms)


Started GET "/assets/statuses.css?body=1" for 127.0.0.1 at 2012-10-19 20:28:16 -0400
Served asset /statuses.css - 304 Not Modified (0ms)


Started GET "/assets/application.js?body=1" for 127.0.0.1 at 2012-10-19 20:28:16 -0400
Served asset /application.js - 304 Not Modified (0ms)


Started GET "/statuses/1/edit" for 127.0.0.1 at 2012-10-19 20:28:32 -0400
Processing by StatusesController#edit as HTML
  Parameters: {"id"=>"1"}
  [1m[35mStatus Load (0.1ms)[0m  SELECT "statuses".* FROM "statuses" WHERE "statuses"."id" = ? LIMIT 1  [["id", "1"]]
  Rendered statuses/_form.html.erb (3.9ms)
  Rendered statuses/edit.html.erb within layouts/application (5.4ms)
Completed 200 OK in 11ms (Views: 10.0ms | ActiveRecord: 0.1ms)


Started GET "/assets/application.css?body=1" for 127.0.0.1 at 2012-10-19 20:28:32 -0400
Served asset /application.css - 304 Not Modified (0ms)


Started GET "/assets/scaffolds.css?body=1" for 127.0.0.1 at 2012-10-19 20:28:32 -0400
Served asset /scaffolds.css - 304 Not Modified (0ms)


Started GET "/assets/statuses.js?body=1" for 127.0.0.1 at 2012-10-19 20:28:32 -0400
Served asset /statuses.js - 304 Not Modified (0ms)


Started GET "/assets/application.js?body=1" for 127.0.0.1 at 2012-10-19 20:28:32 -0400
Served asset /application.js - 304 Not Modified (0ms)


Started GET "/assets/statuses.css?body=1" for 127.0.0.1 at 2012-10-19 20:28:32 -0400
Served asset /statuses.css - 304 Not Modified (0ms)


Started GET "/statuses" for 127.0.0.1 at 2012-10-19 20:28:36 -0400
Processing by StatusesController#index as HTML
  [1m[36mStatus Load (0.2ms)[0m  [1mSELECT "statuses".* FROM "statuses" [0m
  Rendered statuses/index.html.erb within layouts/application (1.5ms)
Completed 200 OK in 10ms (Views: 8.8ms | ActiveRecord: 0.2ms)


Started GET "/assets/application.css?body=1" for 127.0.0.1 at 2012-10-19 20:28:36 -0400
Served asset /application.css - 304 Not Modified (1ms)


Started GET "/assets/statuses.css?body=1" for 127.0.0.1 at 2012-10-19 20:28:36 -0400
Served asset /statuses.css - 304 Not Modified (0ms)


Started GET "/assets/scaffolds.css?body=1" for 127.0.0.1 at 2012-10-19 20:28:36 -0400
Served asset /scaffolds.css - 304 Not Modified (0ms)


Started GET "/assets/statuses.js?body=1" for 127.0.0.1 at 2012-10-19 20:28:36 -0400
Served asset /statuses.js - 304 Not Modified (0ms)


Started GET "/assets/application.js?body=1" for 127.0.0.1 at 2012-10-19 20:28:36 -0400
Served asset /application.js - 304 Not Modified (0ms)


Started GET "/assets/rails.png" for 127.0.0.1 at 2012-10-19 20:29:37 -0400
Served asset /rails.png - 200 OK (0ms)


Started GET "/statuses" for 127.0.0.1 at 2012-10-19 20:29:42 -0400
Processing by StatusesController#index as HTML
  [1m[35mStatus Load (0.2ms)[0m  SELECT "statuses".* FROM "statuses" 
  Rendered statuses/index.html.erb within layouts/application (2.2ms)
Completed 200 OK in 11ms (Views: 9.9ms | ActiveRecord: 0.2ms)


Started GET "/assets/application.css?body=1" for 127.0.0.1 at 2012-10-19 20:29:42 -0400
Served asset /application.css - 200 OK (0ms)


Started GET "/assets/scaffolds.css?body=1" for 127.0.0.1 at 2012-10-19 20:29:42 -0400
Served asset /scaffolds.css - 200 OK (0ms)


Started GET "/assets/statuses.css?body=1" for 127.0.0.1 at 2012-10-19 20:29:42 -0400
Served asset /statuses.css - 200 OK (0ms)


Started GET "/assets/jquery_ujs.js?body=1" for 127.0.0.1 at 2012-10-19 20:29:42 -0400
Served asset /jquery_ujs.js - 200 OK (0ms)


Started GET "/assets/application.js?body=1" for 127.0.0.1 at 2012-10-19 20:29:42 -0400
Served asset /application.js - 200 OK (0ms)


Started GET "/assets/statuses.js?body=1" for 127.0.0.1 at 2012-10-19 20:29:42 -0400
Served asset /statuses.js - 200 OK (0ms)


Started GET "/assets/jquery.js?body=1" for 127.0.0.1 at 2012-10-19 20:29:42 -0400
Served asset /jquery.js - 200 OK (0ms)
